<?xml version="1.0" encoding="UTF-8"?>
<!-- Generated by org.testng.reporters.JUnitXMLReporter -->
<testsuite ignored="0" hostname="DESKTOP-HCL6RHT" failures="0" tests="3" name="Test" time="10.977" errors="0" timestamp="2023-01-06T19:33:57 IST">
  <testcase classname="SeleniumMavenJenkinsIntegration.TestCase3" name="testCase01" time="5.074"/>
  <testcase classname="SeleniumMavenJenkinsIntegration.TestCase1" name="testCase01" time="3.031"/>
  <testcase classname="SeleniumMavenJenkinsIntegration.TestCase2" name="testCase03" time="2.792"/>
</testsuite> <!-- Test -->
