<?xml version="1.0" encoding="UTF-8"?>
<testng-results ignored="0" total="3" passed="3" failed="0" skipped="0">
  <reporter-output>
  </reporter-output>
  <suite started-at="2023-01-06T19:33:46 IST" name="Suite" finished-at="2023-01-06T19:33:57 IST" duration-ms="10977">
    <groups>
    </groups>
    <test started-at="2023-01-06T19:33:46 IST" name="Test" finished-at="2023-01-06T19:33:57 IST" duration-ms="10977">
      <class name="SeleniumMavenJenkinsIntegration.TestCase1">
        <test-method signature="testCase01()[pri:0, instance:SeleniumMavenJenkinsIntegration.TestCase1@7a419da4]" started-at="2023-01-06T19:33:51 IST" name="testCase01" finished-at="2023-01-06T19:33:54 IST" duration-ms="3031" status="PASS">
          <reporter-output>
          </reporter-output>
        </test-method> <!-- testCase01 -->
      </class> <!-- SeleniumMavenJenkinsIntegration.TestCase1 -->
      <class name="SeleniumMavenJenkinsIntegration.TestCase2">
        <test-method signature="testCase03()[pri:0, instance:SeleniumMavenJenkinsIntegration.TestCase2@14555e0a]" started-at="2023-01-06T19:33:54 IST" name="testCase03" finished-at="2023-01-06T19:33:57 IST" duration-ms="2792" status="PASS">
          <reporter-output>
          </reporter-output>
        </test-method> <!-- testCase03 -->
      </class> <!-- SeleniumMavenJenkinsIntegration.TestCase2 -->
      <class name="SeleniumMavenJenkinsIntegration.TestCase3">
        <test-method signature="testCase01()[pri:0, instance:SeleniumMavenJenkinsIntegration.TestCase3@69997e9d]" started-at="2023-01-06T19:33:46 IST" name="testCase01" finished-at="2023-01-06T19:33:51 IST" duration-ms="5074" status="PASS">
          <reporter-output>
          </reporter-output>
        </test-method> <!-- testCase01 -->
      </class> <!-- SeleniumMavenJenkinsIntegration.TestCase3 -->
    </test> <!-- Test -->
  </suite> <!-- Suite -->
</testng-results>
