<?xml version="1.0" encoding="UTF-8"?>
<testng-results ignored="0" total="1" passed="1" failed="0" skipped="0">
  <reporter-output>
  </reporter-output>
  <suite started-at="2023-01-06T19:13:47 IST" name="Default suite" finished-at="2023-01-06T19:13:52 IST" duration-ms="4501">
    <groups>
    </groups>
    <test started-at="2023-01-06T19:13:47 IST" name="Default test" finished-at="2023-01-06T19:13:52 IST" duration-ms="4501">
      <class name="SeleniumMavenJenkinsIntegration.TestCase1">
        <test-method signature="testCase01()[pri:0, instance:SeleniumMavenJenkinsIntegration.TestCase1@56cdfb3b]" started-at="2023-01-06T19:13:48 IST" name="testCase01" finished-at="2023-01-06T19:13:52 IST" duration-ms="4409" status="PASS">
          <reporter-output>
          </reporter-output>
        </test-method> <!-- testCase01 -->
      </class> <!-- SeleniumMavenJenkinsIntegration.TestCase1 -->
    </test> <!-- Default test -->
  </suite> <!-- Default suite -->
</testng-results>
